Using pre-set license
Built from '2020.2/release' branch; Version is '2020.2.2f1 (068178b99f32) revision 426360'; Using compiler version '192528614'; Build Type 'Release'
OS: 'Windows 10 Home; OS build 19041.928; Version 2004; 64bit' Language: 'en' Physical Memory: 16296 MB
BatchMode: 1, IsHumanControllingUs: 0, StartBugReporterOnCrash: 0, Is64bit: 1, IsPro: 0

 COMMAND LINE ARGUMENTS:
C:\Program Files\Unity\Hub\Editor\2020.2.2f1\Editor\Unity.exe
-adb2
-batchMode
-noUpm
-name
AssetImportWorker0
-projectPath
C:/Users/jackl/Desktop/Portfolio Games/Binary Game V4 (Done)
-logFile
Logs/AssetImportWorker0.log
-srvPort
50685
Successfully changed project path to: C:/Users/jackl/Desktop/Portfolio Games/Binary Game V4 (Done)
C:/Users/jackl/Desktop/Portfolio Games/Binary Game V4 (Done)
Using Asset Import Pipeline V2.
Refreshing native plugins compatible for Editor in 73.19 ms, found 2 plugins.
Preloading 0 native plugins for Editor in 0.00 ms.
Initialize engine version: 2020.2.2f1 (068178b99f32)
[Subsystems] Discovering subsystems at path C:/Program Files/Unity/Hub/Editor/2020.2.2f1/Editor/Data/Resources/UnitySubsystems
[Subsystems] Discovering subsystems at path C:/Users/jackl/Desktop/Portfolio Games/Binary Game V4 (Done)/Assets
GfxDevice: creating device client; threaded=0
Direct3D:
    Version:  Direct3D 11.0 [level 11.1]
    Renderer: NVIDIA GeForce GTX 960 (ID=0x1401)
    Vendor:   
    VRAM:     4053 MB
    Driver:   27.21.14.5671
Initialize mono
Mono path[0] = 'C:/Program Files/Unity/Hub/Editor/2020.2.2f1/Editor/Data/Managed'
Mono path[1] = 'C:/Program Files/Unity/Hub/Editor/2020.2.2f1/Editor/Data/MonoBleedingEdge/lib/mono/unityjit'
Mono config path = 'C:/Program Files/Unity/Hub/Editor/2020.2.2f1/Editor/Data/MonoBleedingEdge/etc'
Using monoOptions --debugger-agent=transport=dt_socket,embedding=1,server=y,suspend=n,address=127.0.0.1:56668
Begin MonoManager ReloadAssembly
Registering precompiled unity dll's ...
Register platform support module: C:/Program Files/Unity/Hub/Editor/2020.2.2f1/Editor/Data/PlaybackEngines/WindowsStandaloneSupport/UnityEditor.WindowsStandalone.Extensions.dll
Registered in 0.004064 seconds.
Native extension for WindowsStandalone target not found
Refreshing native plugins compatible for Editor in 53.87 ms, found 2 plugins.
Preloading 0 native plugins for Editor in 0.00 ms.
Invoked RoslynAnalysisRunner static constructor.
RoslynAnalysisRunner will not be running.
RoslynAnalysisRunner has terminated.
Mono: successfully reloaded assembly
- Completed reload, in  3.033 seconds
Platform modules already initialized, skipping
Registering precompiled user dll's ...
Registered in 0.017072 seconds.
Begin MonoManager ReloadAssembly
Native extension for WindowsStandalone target not found
Refreshing native plugins compatible for Editor in 0.52 ms, found 2 plugins.
Preloading 0 native plugins for Editor in 0.00 ms.
Invoked RoslynAnalysisRunner static constructor.
RoslynAnalysisRunner will not be running.
RoslynAnalysisRunner has terminated.
Mono: successfully reloaded assembly
- Completed reload, in  0.919 seconds
Platform modules already initialized, skipping
========================================================================
Worker process is ready to serve import requests
Launched and connected shader compiler UnityShaderCompiler.exe after 0.10 seconds
Refreshing native plugins compatible for Editor in 0.66 ms, found 2 plugins.
Preloading 0 native plugins for Editor in 0.00 ms.
Unloading 1389 Unused Serialized files (Serialized files now loaded: 0)
System memory in use before: 64.2 MB.
System memory in use after: 64.3 MB.

Unloading 50 unused Assets to reduce memory usage. Loaded Objects now: 1842.
Total: 2.338400 ms (FindLiveObjects: 0.200800 ms CreateObjectMapping: 0.062700 ms MarkObjects: 1.976500 ms  DeleteObjects: 0.097100 ms)

========================================================================
Received Import Request.
  path: Assets/Toggle 1.prefab
  artifactKey: Guid(c1f2a921f4ad7ab42b99f06d70932127) Importer(815301076,1909f56bfc062723c751e8b465ee728b)
Start importing Assets/Toggle 1.prefab using Guid(c1f2a921f4ad7ab42b99f06d70932127) Importer(815301076,1909f56bfc062723c751e8b465ee728b)  -> (artifact id: '50727ea2f712331d723a8127dd0b3756') in 0.066123 seconds
  Import took 0.069075 seconds .

========================================================================
Received Import Request.
  Time since last request: 0.000180 seconds.
  path: Assets/Binary Background 3.jpg
  artifactKey: Guid(ff0a69c1591b5474f9519583b83a3a22) Importer(815301076,1909f56bfc062723c751e8b465ee728b)
Start importing Assets/Binary Background 3.jpg using Guid(ff0a69c1591b5474f9519583b83a3a22) Importer(815301076,1909f56bfc062723c751e8b465ee728b)  -> (artifact id: '78d86100084029e95beb83b777bfffa3') in 0.163824 seconds
  Import took 0.166094 seconds .

========================================================================
Received Import Request.
  Time since last request: 0.000155 seconds.
  path: Assets/Binary Background 1.jpg
  artifactKey: Guid(38a4528d753b930449895aeceda895b7) Importer(815301076,1909f56bfc062723c751e8b465ee728b)
Start importing Assets/Binary Background 1.jpg using Guid(38a4528d753b930449895aeceda895b7) Importer(815301076,1909f56bfc062723c751e8b465ee728b)  -> (artifact id: '9a8fe4463899872a86b48e3bf8745a5e') in 0.047283 seconds
  Import took 0.049415 seconds .

========================================================================
Received Import Request.
  Time since last request: 0.000163 seconds.
  path: Assets/Binary Background 2.jpg
  artifactKey: Guid(c1aa92e4d8ac31e4ba76163bdd01d44c) Importer(815301076,1909f56bfc062723c751e8b465ee728b)
Start importing Assets/Binary Background 2.jpg using Guid(c1aa92e4d8ac31e4ba76163bdd01d44c) Importer(815301076,1909f56bfc062723c751e8b465ee728b)  -> (artifact id: 'e298c2df4cf7f5691695f38f8cf7b1e9') in 0.044441 seconds
  Import took 0.046613 seconds .

========================================================================
Received Prepare
Registering precompiled user dll's ...
Registered in 0.011796 seconds.
Begin MonoManager ReloadAssembly
Native extension for WindowsStandalone target not found
Refreshing native plugins compatible for Editor in 0.53 ms, found 2 plugins.
Preloading 0 native plugins for Editor in 0.00 ms.
Invoked RoslynAnalysisRunner static constructor.
RoslynAnalysisRunner will not be running.
RoslynAnalysisRunner has terminated.
Mono: successfully reloaded assembly
- Completed reload, in  0.981 seconds
Platform modules already initialized, skipping
Switching build target platform(5) subTarget(0) extendedPlatform(0) -> platform(13) subTarget(537395200) extendedPlatform(0)
Refreshing native plugins compatible for Editor in 0.53 ms, found 2 plugins.
Preloading 0 native plugins for Editor in 0.00 ms.
Unloading 1387 Unused Serialized files (Serialized files now loaded: 0)
System memory in use before: 67.4 MB.
System memory in use after: 67.5 MB.

Unloading 43 unused Assets to reduce memory usage. Loaded Objects now: 1852.
Total: 1.767600 ms (FindLiveObjects: 0.162300 ms CreateObjectMapping: 0.043600 ms MarkObjects: 1.528600 ms  DeleteObjects: 0.032300 ms)

AssetImportParameters requested are different than current active one (requested -> active):
  custom:graphics/normal-map-encoding: 01000000000000000000000000000000 -> 02000000000000000000000000000000
========================================================================
Received Prepare
Registering precompiled user dll's ...
Registered in 0.031618 seconds.
Begin MonoManager ReloadAssembly
Native extension for WindowsStandalone target not found
Refreshing native plugins compatible for Editor in 1.06 ms, found 2 plugins.
Preloading 0 native plugins for Editor in 0.00 ms.
Invoked RoslynAnalysisRunner static constructor.
RoslynAnalysisRunner will not be running.
RoslynAnalysisRunner has terminated.
Mono: successfully reloaded assembly
- Completed reload, in  1.391 seconds
Platform modules already initialized, skipping
Refreshing native plugins compatible for Editor in 0.59 ms, found 2 plugins.
Preloading 0 native plugins for Editor in 0.00 ms.
Unloading 1383 Unused Serialized files (Serialized files now loaded: 0)
System memory in use before: 67.4 MB.
System memory in use after: 67.5 MB.

Unloading 41 unused Assets to reduce memory usage. Loaded Objects now: 1854.
Total: 1.833300 ms (FindLiveObjects: 0.162900 ms CreateObjectMapping: 0.049800 ms MarkObjects: 1.596200 ms  DeleteObjects: 0.023400 ms)

========================================================================
Received Prepare
Refreshing native plugins compatible for Editor in 25.57 ms, found 2 plugins.
Preloading 0 native plugins for Editor in 0.00 ms.
Unloading 40 Unused Serialized files (Serialized files now loaded: 0)
System memory in use before: 40.9 MB.
System memory in use after: 41.0 MB.

Unloading 39 unused Assets to reduce memory usage. Loaded Objects now: 1854.
Total: 1.992800 ms (FindLiveObjects: 0.231200 ms CreateObjectMapping: 0.087500 ms MarkObjects: 1.650300 ms  DeleteObjects: 0.022400 ms)

========================================================================
Received Import Request.
  Time since last request: 32.835951 seconds.
  path: Assets/Binary Background 1.jpg
  artifactKey: Guid(38a4528d753b930449895aeceda895b7) Importer(815301076,1909f56bfc062723c751e8b465ee728b)
Start importing Assets/Binary Background 1.jpg using Guid(38a4528d753b930449895aeceda895b7) Importer(815301076,1909f56bfc062723c751e8b465ee728b)  -> (artifact id: 'd3d67dee874490a526a44aefb70b5287') in 0.072820 seconds
  Import took 0.075926 seconds .

========================================================================
Received Import Request.
  Time since last request: 0.000214 seconds.
  path: Assets/Binary Background 3.jpg
  artifactKey: Guid(ff0a69c1591b5474f9519583b83a3a22) Importer(815301076,1909f56bfc062723c751e8b465ee728b)
Start importing Assets/Binary Background 3.jpg using Guid(ff0a69c1591b5474f9519583b83a3a22) Importer(815301076,1909f56bfc062723c751e8b465ee728b)  -> (artifact id: 'e964c7685f51c5ad5c2e686fcdbb5d6c') in 0.015368 seconds
  Import took 0.018528 seconds .

========================================================================
Received Import Request.
  Time since last request: 0.000203 seconds.
  path: Assets/Binary Background 2.jpg
  artifactKey: Guid(c1aa92e4d8ac31e4ba76163bdd01d44c) Importer(815301076,1909f56bfc062723c751e8b465ee728b)
Start importing Assets/Binary Background 2.jpg using Guid(c1aa92e4d8ac31e4ba76163bdd01d44c) Importer(815301076,1909f56bfc062723c751e8b465ee728b)  -> (artifact id: 'f7ba67fb2afc33acd8c4eefc25c6076a') in 0.014274 seconds
  Import took 0.016824 seconds .

========================================================================
Received Import Request.
  Time since last request: 0.022634 seconds.
  path: Assets/Binary Background 1.jpg
  artifactKey: Guid(38a4528d753b930449895aeceda895b7) Importer(815301076,1909f56bfc062723c751e8b465ee728b)
Start importing Assets/Binary Background 1.jpg using Guid(38a4528d753b930449895aeceda895b7) Importer(815301076,1909f56bfc062723c751e8b465ee728b)  -> (artifact id: 'd3d67dee874490a526a44aefb70b5287') in 0.012632 seconds
  Import took 0.017018 seconds .

========================================================================
Received Prepare
Refreshing native plugins compatible for Editor in 12.62 ms, found 2 plugins.
Preloading 0 native plugins for Editor in 0.00 ms.
Unloading 40 Unused Serialized files (Serialized files now loaded: 0)
System memory in use before: 41.1 MB.
System memory in use after: 41.2 MB.

Unloading 39 unused Assets to reduce memory usage. Loaded Objects now: 1855.
Total: 2.166900 ms (FindLiveObjects: 0.277300 ms CreateObjectMapping: 0.102100 ms MarkObjects: 1.767300 ms  DeleteObjects: 0.018500 ms)

AssetImportWorkerClient::OnTransportError - code=2 error=End of file
